<?xml version="1.0" encoding="UTF-8"?>
<!-- Generated by org.testng.reporters.JUnitReportReporter -->
<testsuite hostname="Ramkumars-MacBook-Air.local" failures="0" tests="1" name="testCases.ScriptDriver" time="37.110" errors="0" timestamp="2023-04-20T00:01:39 IST" skipped="0">
  <testcase classname="testCases.ScriptDriver" name="driverSetup" time="37.110"/>
  <system-out/>
</testsuite> <!-- testCases.ScriptDriver -->
