<?xml version="1.0" encoding="UTF-8"?>
<!-- Generated by org.testng.reporters.JUnitReportReporter -->
<testsuite hostname="Ramkumars-MacBook-Air.local" failures="0" tests="1" name="testCases.ScriptDriver" time="28.435" errors="0" timestamp="2023-01-26T01:34:23 IST" skipped="0">
  <testcase classname="testCases.ScriptDriver" name="driverSetup" time="28.435"/>
  <system-out/>
</testsuite> <!-- testCases.ScriptDriver -->
